mode: set
github.com/busser/label-operator/controllers/secret_controller.go:61.98,64.16 3 0
github.com/busser/label-operator/controllers/secret_controller.go:72.2,73.85 2 0
github.com/busser/label-operator/controllers/secret_controller.go:77.2,79.32 3 0
github.com/busser/label-operator/controllers/secret_controller.go:85.2,85.14 1 0
github.com/busser/label-operator/controllers/secret_controller.go:133.2,133.27 1 0
github.com/busser/label-operator/controllers/secret_controller.go:64.16,65.29 1 0
github.com/busser/label-operator/controllers/secret_controller.go:69.3,69.28 1 0
github.com/busser/label-operator/controllers/secret_controller.go:65.29,68.4 1 0
github.com/busser/label-operator/controllers/secret_controller.go:73.85,76.3 2 0
github.com/busser/label-operator/controllers/secret_controller.go:79.32,80.13 1 0
github.com/busser/label-operator/controllers/secret_controller.go:80.13,82.9 2 0
github.com/busser/label-operator/controllers/secret_controller.go:85.14,88.34 3 0
github.com/busser/label-operator/controllers/secret_controller.go:88.34,89.47 1 0
github.com/busser/label-operator/controllers/secret_controller.go:101.4,101.43 1 0
github.com/busser/label-operator/controllers/secret_controller.go:114.4,114.33 1 0
github.com/busser/label-operator/controllers/secret_controller.go:89.47,91.35 2 0
github.com/busser/label-operator/controllers/secret_controller.go:91.35,93.42 2 0
github.com/busser/label-operator/controllers/secret_controller.go:93.42,94.74 1 0
github.com/busser/label-operator/controllers/secret_controller.go:94.74,97.8 2 0
github.com/busser/label-operator/controllers/secret_controller.go:101.43,103.31 2 0
github.com/busser/label-operator/controllers/secret_controller.go:103.31,105.41 2 0
github.com/busser/label-operator/controllers/secret_controller.go:105.41,106.83 1 0
github.com/busser/label-operator/controllers/secret_controller.go:106.83,109.8 2 0
github.com/busser/label-operator/controllers/secret_controller.go:114.33,116.30 2 0
github.com/busser/label-operator/controllers/secret_controller.go:116.30,118.41 2 0
github.com/busser/label-operator/controllers/secret_controller.go:118.41,119.63 1 0
github.com/busser/label-operator/controllers/secret_controller.go:119.63,122.8 2 0
github.com/busser/label-operator/controllers/secret_controller.go:128.8,130.3 1 0
github.com/busser/label-operator/controllers/secret_controller.go:137.69,141.2 1 0
